<?xml version="1.0" encoding="UTF-8"?>
<testng-results skipped="0" failed="0" ignored="0" total="1" passed="1">
  <reporter-output>
  </reporter-output>
  <suite name="Banking test cases" duration-ms="36304" started-at="2021-07-17T20:36:31 IST" finished-at="2021-07-17T20:37:07 IST">
    <groups>
    </groups>
    <test name="Test" duration-ms="36304" started-at="2021-07-17T20:36:31 IST" finished-at="2021-07-17T20:37:07 IST">
      <class name="test.LoginTest">
        <test-method status="PASS" signature="setup()[pri:0, instance:test.LoginTest@2b9627bc]" name="setup" is-config="true" duration-ms="11309" started-at="2021-07-17T20:36:31 IST" finished-at="2021-07-17T20:36:42 IST">
          <reporter-output>
          </reporter-output>
        </test-method> <!-- setup -->
        <test-method status="PASS" signature="testCase1(java.lang.String,java.lang.String)[pri:0, instance:test.LoginTest@2b9627bc]" name="testCase1" duration-ms="24009" started-at="2021-07-17T20:36:42 IST" finished-at="2021-07-17T20:37:06 IST">
          <params>
            <param index="0">
              <value>
                <![CDATA[abc@xyz.com]]>
              </value>
            </param>
            <param index="1">
              <value>
                <![CDATA[Abcdef123#]]>
              </value>
            </param>
          </params>
          <reporter-output>
          </reporter-output>
        </test-method> <!-- testCase1 -->
        <test-method status="PASS" signature="clean()[pri:0, instance:test.LoginTest@2b9627bc]" name="clean" is-config="true" duration-ms="907" started-at="2021-07-17T20:37:06 IST" finished-at="2021-07-17T20:37:07 IST">
          <reporter-output>
          </reporter-output>
        </test-method> <!-- clean -->
      </class> <!-- test.LoginTest -->
    </test> <!-- Test -->
  </suite> <!-- Banking test cases -->
</testng-results>
